Using pre-set license
Built from '2020.3/staging' branch; Version is '2020.3.9f1 (108be757e447) revision 1084391'; Using compiler version '192528614'; Build Type 'Release'
OS: 'Windows 10 Home; OS build 19045.4780; Version 2009; 64bit' Language: 'el' Physical Memory: 12197 MB
BatchMode: 1, IsHumanControllingUs: 0, StartBugReporterOnCrash: 0, Is64bit: 1, IsPro: 0

 COMMAND LINE ARGUMENTS:
C:\Program Files\Unity\Hub\Editor\2020.3.9f1\Editor\Unity.exe
-adb2
-batchMode
-noUpm
-name
AssetImportWorker0
-projectPath
C:/Users/User/Documents/Unity Projects/Village Brawler
-logFile
Logs/AssetImportWorker0.log
-srvPort
49629
Successfully changed project path to: C:/Users/User/Documents/Unity Projects/Village Brawler
C:/Users/User/Documents/Unity Projects/Village Brawler
Using Asset Import Pipeline V2.
Refreshing native plugins compatible for Editor in 127.39 ms, found 0 plugins.
Preloading 0 native plugins for Editor in 0.00 ms.
Initialize engine version: 2020.3.9f1 (108be757e447)
[Subsystems] Discovering subsystems at path C:/Program Files/Unity/Hub/Editor/2020.3.9f1/Editor/Data/Resources/UnitySubsystems
[Subsystems] Discovering subsystems at path C:/Users/User/Documents/Unity Projects/Village Brawler/Assets
GfxDevice: creating device client; threaded=0
Direct3D:
    Version:  Direct3D 11.0 [level 11.1]
    Renderer: Intel(R) HD Graphics 620 (ID=0x5916)
    Vendor:   
    VRAM:     6098 MB
    Driver:   27.20.100.8729
Initialize mono
Mono path[0] = 'C:/Program Files/Unity/Hub/Editor/2020.3.9f1/Editor/Data/Managed'
Mono path[1] = 'C:/Program Files/Unity/Hub/Editor/2020.3.9f1/Editor/Data/MonoBleedingEdge/lib/mono/unityjit'
Mono config path = 'C:/Program Files/Unity/Hub/Editor/2020.3.9f1/Editor/Data/MonoBleedingEdge/etc'
Using monoOptions --debugger-agent=transport=dt_socket,embedding=1,server=y,suspend=n,address=127.0.0.1:56904
Begin MonoManager ReloadAssembly
Registering precompiled unity dll's ...
Register platform support module: C:/Program Files/Unity/Hub/Editor/2020.3.9f1/Editor/Data/PlaybackEngines/WebGLSupport/UnityEditor.WebGL.Extensions.dll
Register platform support module: C:/Program Files/Unity/Hub/Editor/2020.3.9f1/Editor/Data/PlaybackEngines/MacStandaloneSupport/UnityEditor.OSXStandalone.Extensions.dll
Register platform support module: C:/Program Files/Unity/Hub/Editor/2020.3.9f1/Editor/Data/PlaybackEngines/WindowsStandaloneSupport/UnityEditor.WindowsStandalone.Extensions.dll
Register platform support module: C:/Program Files/Unity/Hub/Editor/2020.3.9f1/Editor/Data/PlaybackEngines/LinuxStandaloneSupport/UnityEditor.LinuxStandalone.Extensions.dll
Registered in 0.011852 seconds.
Native extension for LinuxStandalone target not found
Native extension for WindowsStandalone target not found
Native extension for OSXStandalone target not found
Native extension for WebGL target not found
Refreshing native plugins compatible for Editor in 92.36 ms, found 0 plugins.
Preloading 0 native plugins for Editor in 0.00 ms.
Mono: successfully reloaded assembly
- Completed reload, in  5.738 seconds
Platform modules already initialized, skipping
Registering precompiled user dll's ...
Registered in 0.010463 seconds.
Begin MonoManager ReloadAssembly
Native extension for LinuxStandalone target not found
Native extension for WindowsStandalone target not found
Native extension for OSXStandalone target not found
Native extension for WebGL target not found
Refreshing native plugins compatible for Editor in 0.82 ms, found 0 plugins.
Preloading 0 native plugins for Editor in 0.00 ms.
Mono: successfully reloaded assembly
- Completed reload, in  2.156 seconds
Platform modules already initialized, skipping
========================================================================
Worker process is ready to serve import requests
Launched and connected shader compiler UnityShaderCompiler.exe after 0.07 seconds
Refreshing native plugins compatible for Editor in 1.01 ms, found 0 plugins.
Preloading 0 native plugins for Editor in 0.00 ms.
Unloading 1671 Unused Serialized files (Serialized files now loaded: 0)
System memory in use before: 72.5 MB.
System memory in use after: 72.6 MB.

Unloading 49 unused Assets to reduce memory usage. Loaded Objects now: 2084.
Total: 8.827100 ms (FindLiveObjects: 0.244700 ms CreateObjectMapping: 0.085000 ms MarkObjects: 8.385400 ms  DeleteObjects: 0.110200 ms)

========================================================================
Received Import Request.
  path: Assets/Scripts
  artifactKey: Guid(4c4f176b84edd864e8d00660f9496880) Importer(815301076,1909f56bfc062723c751e8b465ee728b)
Start importing Assets/Scripts using Guid(4c4f176b84edd864e8d00660f9496880) Importer(815301076,1909f56bfc062723c751e8b465ee728b)  -> (artifact id: '2265b1470f5ddd9b55a677b80b37916f') in 0.020117 seconds
  Import took 0.024209 seconds .

========================================================================
Received Import Request.
  Time since last request: 14.009040 seconds.
  path: Assets/Scripts/LockCameraAspectRatio.cs
  artifactKey: Guid(f24138b4bdd7cf44ebf0c618615b3a7b) Importer(815301076,1909f56bfc062723c751e8b465ee728b)
Start importing Assets/Scripts/LockCameraAspectRatio.cs using Guid(f24138b4bdd7cf44ebf0c618615b3a7b) Importer(815301076,1909f56bfc062723c751e8b465ee728b)  -> (artifact id: '8616ef9f76b8573248a6cd53ead910a2') in 0.121414 seconds
  Import took 0.127479 seconds .

========================================================================
Received Prepare
Registering precompiled user dll's ...
Registered in 0.005780 seconds.
Begin MonoManager ReloadAssembly
Native extension for LinuxStandalone target not found
Native extension for WindowsStandalone target not found
Native extension for OSXStandalone target not found
Native extension for WebGL target not found
Refreshing native plugins compatible for Editor in 0.98 ms, found 0 plugins.
Preloading 0 native plugins for Editor in 0.00 ms.
Mono: successfully reloaded assembly
- Completed reload, in  1.659 seconds
Platform modules already initialized, skipping
Refreshing native plugins compatible for Editor in 0.80 ms, found 0 plugins.
Preloading 0 native plugins for Editor in 0.00 ms.
Unloading 1666 Unused Serialized files (Serialized files now loaded: 0)
System memory in use before: 72.4 MB.
System memory in use after: 72.5 MB.

Unloading 40 unused Assets to reduce memory usage. Loaded Objects now: 2088.
Total: 9.003700 ms (FindLiveObjects: 0.254700 ms CreateObjectMapping: 0.080500 ms MarkObjects: 8.625800 ms  DeleteObjects: 0.040800 ms)

========================================================================
Received Prepare
Registering precompiled user dll's ...
Registered in 0.005454 seconds.
Begin MonoManager ReloadAssembly
Native extension for LinuxStandalone target not found
Native extension for WindowsStandalone target not found
Native extension for OSXStandalone target not found
Native extension for WebGL target not found
Refreshing native plugins compatible for Editor in 0.79 ms, found 0 plugins.
Preloading 0 native plugins for Editor in 0.00 ms.
Mono: successfully reloaded assembly
- Completed reload, in  1.884 seconds
Platform modules already initialized, skipping
Refreshing native plugins compatible for Editor in 0.78 ms, found 0 plugins.
Preloading 0 native plugins for Editor in 0.00 ms.
Unloading 1666 Unused Serialized files (Serialized files now loaded: 0)
System memory in use before: 72.5 MB.
System memory in use after: 72.6 MB.

Unloading 40 unused Assets to reduce memory usage. Loaded Objects now: 2091.
Total: 10.960600 ms (FindLiveObjects: 0.340900 ms CreateObjectMapping: 0.141500 ms MarkObjects: 10.016700 ms  DeleteObjects: 0.458700 ms)

========================================================================
Received Import Request.
  Time since last request: 93.467642 seconds.
  path: Assets/Scripts/LockCameraAspectRatio.cs
  artifactKey: Guid(f24138b4bdd7cf44ebf0c618615b3a7b) Importer(815301076,1909f56bfc062723c751e8b465ee728b)
Start importing Assets/Scripts/LockCameraAspectRatio.cs using Guid(f24138b4bdd7cf44ebf0c618615b3a7b) Importer(815301076,1909f56bfc062723c751e8b465ee728b)  -> (artifact id: 'd871067f6ac0114d5e37bc42eb1075f8') in 0.010261 seconds
  Import took 0.016932 seconds .

========================================================================
Received Prepare
Registering precompiled user dll's ...
Registered in 0.006015 seconds.
Begin MonoManager ReloadAssembly
Native extension for LinuxStandalone target not found
Native extension for WindowsStandalone target not found
Native extension for OSXStandalone target not found
Native extension for WebGL target not found
Refreshing native plugins compatible for Editor in 0.80 ms, found 0 plugins.
Preloading 0 native plugins for Editor in 0.00 ms.
Mono: successfully reloaded assembly
- Completed reload, in  2.118 seconds
Platform modules already initialized, skipping
Refreshing native plugins compatible for Editor in 1.04 ms, found 0 plugins.
Preloading 0 native plugins for Editor in 0.00 ms.
Unloading 1674 Unused Serialized files (Serialized files now loaded: 0)
System memory in use before: 72.8 MB.
System memory in use after: 72.9 MB.

Unloading 40 unused Assets to reduce memory usage. Loaded Objects now: 2102.
Total: 8.801000 ms (FindLiveObjects: 0.233800 ms CreateObjectMapping: 0.084400 ms MarkObjects: 8.441700 ms  DeleteObjects: 0.039400 ms)

========================================================================
Received Prepare
Refreshing native plugins compatible for Editor in 35.54 ms, found 0 plugins.
Preloading 0 native plugins for Editor in 0.00 ms.
Unloading 38 Unused Serialized files (Serialized files now loaded: 0)
System memory in use before: 40.4 MB.
System memory in use after: 40.5 MB.

Unloading 38 unused Assets to reduce memory usage. Loaded Objects now: 2102.
Total: 8.366300 ms (FindLiveObjects: 0.210400 ms CreateObjectMapping: 0.096800 ms MarkObjects: 8.019100 ms  DeleteObjects: 0.038300 ms)

AssetImportWorkerClient::OnTransportError - code=2 error=End of file
